2026-04-14 01:50:41,721 - mmdet - INFO - Environment info:
------------------------------------------------------------
sys.platform: linux
Python: 3.8.20 (default, Oct  3 2024, 15:24:27) [GCC 11.2.0]
CUDA available: True
GPU 0: NVIDIA L40S
CUDA_HOME: /usr
NVCC: Cuda compilation tools, release 12.0, V12.0.140
GCC: gcc (Ubuntu 13.3.0-6ubuntu2~24.04.1) 13.3.0
PyTorch: 1.13.1+cu117
PyTorch compiling details: PyTorch built with:
  - GCC 9.3
  - C++ Version: 201402
  - Intel(R) Math Kernel Library Version 2020.0.0 Product Build 20191122 for Intel(R) 64 architecture applications
  - Intel(R) MKL-DNN v2.6.0 (Git Hash 52b5f107dd9cf10910aaa19cb47f3abf9b349815)
  - OpenMP 201511 (a.k.a. OpenMP 4.5)
  - LAPACK is enabled (usually provided by MKL)
  - NNPACK is enabled
  - CPU capability usage: AVX2
  - CUDA Runtime 11.7
  - NVCC architecture flags: -gencode;arch=compute_37,code=sm_37;-gencode;arch=compute_50,code=sm_50;-gencode;arch=compute_60,code=sm_60;-gencode;arch=compute_70,code=sm_70;-gencode;arch=compute_75,code=sm_75;-gencode;arch=compute_80,code=sm_80;-gencode;arch=compute_86,code=sm_86
  - CuDNN 8.5
  - Magma 2.6.1
  - Build settings: BLAS_INFO=mkl, BUILD_TYPE=Release, CUDA_VERSION=11.7, CUDNN_VERSION=8.5.0, CXX_COMPILER=/opt/rh/devtoolset-9/root/usr/bin/c++, CXX_FLAGS= -fabi-version=11 -Wno-deprecated -fvisibility-inlines-hidden -DUSE_PTHREADPOOL -fopenmp -DNDEBUG -DUSE_KINETO -DUSE_FBGEMM -DUSE_QNNPACK -DUSE_PYTORCH_QNNPACK -DUSE_XNNPACK -DSYMBOLICATE_MOBILE_DEBUG_HANDLE -DEDGE_PROFILER_USE_KINETO -O2 -fPIC -Wno-narrowing -Wall -Wextra -Werror=return-type -Werror=non-virtual-dtor -Wno-missing-field-initializers -Wno-type-limits -Wno-array-bounds -Wno-unknown-pragmas -Wunused-local-typedefs -Wno-unused-parameter -Wno-unused-function -Wno-unused-result -Wno-strict-overflow -Wno-strict-aliasing -Wno-error=deprecated-declarations -Wno-stringop-overflow -Wno-psabi -Wno-error=pedantic -Wno-error=redundant-decls -Wno-error=old-style-cast -fdiagnostics-color=always -faligned-new -Wno-unused-but-set-variable -Wno-maybe-uninitialized -fno-math-errno -fno-trapping-math -Werror=format -Werror=cast-function-type -Wno-stringop-overflow, LAPACK_INFO=mkl, PERF_WITH_AVX=1, PERF_WITH_AVX2=1, PERF_WITH_AVX512=1, TORCH_VERSION=1.13.1, USE_CUDA=ON, USE_CUDNN=ON, USE_EXCEPTION_PTR=1, USE_GFLAGS=OFF, USE_GLOG=OFF, USE_MKL=ON, USE_MKLDNN=ON, USE_MPI=OFF, USE_NCCL=ON, USE_NNPACK=ON, USE_OPENMP=ON, USE_ROCM=OFF, 

TorchVision: 0.14.1+cu117
OpenCV: 4.13.0
MMCV: 1.7.2
MMCV Compiler: GCC 9.3
MMCV CUDA Compiler: 11.7
MMDetection: 2.28.1+79c1686
------------------------------------------------------------

2026-04-14 01:50:41,825 - mmdet - INFO - Distributed training: False
2026-04-14 01:50:41,920 - mmdet - INFO - Config:
checkpoint_config = dict(
    interval=5000, by_epoch=False, save_last=False, max_keep_ckpts=1)
log_config = dict(
    interval=50, hooks=[dict(type='TextLoggerHook', by_epoch=False)])
dist_params = dict(backend='nccl')
log_level = 'INFO'
load_from = None
resume_from = None
workflow = [('train', 1)]
opencv_num_threads = 0
mp_start_method = 'fork'
auto_scale_lr = dict(enable=False, base_batch_size=16)
object_size = 256
task = 'semantic'
model = dict(
    type='SegRefinerSemantic',
    task='semantic',
    step=6,
    backbone=None,
    denoise_model=dict(
        type='DenoiseUNet',
        in_channels=4,
        out_channels=1,
        model_channels=128,
        num_res_blocks=2,
        num_heads=4,
        num_heads_upsample=-1,
        attention_strides=(16, 32),
        learn_time_embd=False,
        use_time_embd=False,
        channel_mult=(1, 1, 2, 2, 4, 4),
        dropout=0.1,
        backbone_channels=None),
    diffusion_cfg=dict(
        betas=dict(type='sigmoid', start=0.8, stop=0, num_timesteps=6),
        diff_iter=False),
    loss_texture=dict(type='TextureL1Loss', loss_weight=2.0),
    loss_dice=dict(type='DiceLoss', use_sigmoid=True, loss_weight=2.0),
    qsample_cfg=None,
    qsample_checkpoint=None,
    test_cfg=dict(
        model_size=256, fine_prob_thr=0.9, iou_thr=0.3, batch_max=32, val_t=0))
img_norm_cfg = dict(
    mean=[123.675, 116.28, 103.53], std=[58.395, 57.12, 57.375], to_rgb=True)
train_pipeline = [
    dict(type='LoadImageFromFile'),
    dict(type='LoadPrecomputedNoisyMask'),
    dict(type='Resize', img_scale=(256, 256), keep_ratio=False),
    dict(type='RandomFlip', flip_ratio=0.5),
    dict(
        type='Normalize',
        mean=[123.675, 116.28, 103.53],
        std=[58.395, 57.12, 57.375],
        to_rgb=True),
    dict(type='DefaultFormatBundle'),
    dict(
        type='Collect',
        keys=[
            'object_img', 'object_gt_masks', 'object_noisy_masks', 'timestep'
        ])
]
test_pipeline = [
    dict(type='LoadImageFromFile'),
    dict(type='LoadCoarseMasks', test_mode=True),
    dict(type='Resize', img_scale=(256, 256), keep_ratio=False),
    dict(
        type='Normalize',
        mean=[123.675, 116.28, 103.53],
        std=[58.395, 57.12, 57.375],
        to_rgb=True),
    dict(type='DefaultFormatBundle'),
    dict(type='Collect', keys=['img', 'coarse_masks'])
]
dataset_type = 'OEMBuildingDataset'
data_root = '/home/ubuntu/vy/Denoiser/OEM_v2_Building'
train_dataloader = dict(samples_per_gpu=12, workers_per_gpu=16, shuffle=True)
data = dict(
    train=dict(
        pipeline=[
            dict(type='LoadImageFromFile'),
            dict(type='LoadPrecomputedNoisyMask'),
            dict(type='Resize', img_scale=(256, 256), keep_ratio=False),
            dict(type='RandomFlip', flip_ratio=0.5),
            dict(
                type='Normalize',
                mean=[123.675, 116.28, 103.53],
                std=[58.395, 57.12, 57.375],
                to_rgb=True),
            dict(type='DefaultFormatBundle'),
            dict(
                type='Collect',
                keys=[
                    'object_img', 'object_gt_masks', 'object_noisy_masks',
                    'timestep'
                ])
        ],
        type='OEMBuildingDataset',
        data_root='/home/ubuntu/vy/Denoiser/OEM_v2_Building',
        use_pseudo_direct=True,
        split_file='train.txt'),
    train_dataloader=dict(
        samples_per_gpu=12, workers_per_gpu=16, shuffle=True),
    val=dict(
        type='OEMBuildingDataset',
        data_root='/home/ubuntu/vy/Denoiser/OEM_v2_Building',
        split_file='val.txt',
        pipeline=[
            dict(type='LoadImageFromFile'),
            dict(type='LoadCoarseMasks', test_mode=True),
            dict(type='Resize', img_scale=(256, 256), keep_ratio=False),
            dict(
                type='Normalize',
                mean=[123.675, 116.28, 103.53],
                std=[58.395, 57.12, 57.375],
                to_rgb=True),
            dict(type='DefaultFormatBundle'),
            dict(type='Collect', keys=['img', 'coarse_masks'])
        ],
        test_mode=True),
    val_dataloader=dict(samples_per_gpu=1, workers_per_gpu=1),
    test=dict())
val_interval = 1000
evaluation = dict(
    interval=1000,
    metric='mIoU',
    data_root='/home/ubuntu/vy/Denoiser/OEM_v2_Building')
optimizer = dict(
    type='AdamW', lr=0.0001, weight_decay=0.01, eps=1e-08, betas=(0.9, 0.999))
optimizer_config = dict(grad_clip=dict(max_norm=0.5, norm_type=2))
max_iters = 10000
runner = dict(type='IterBasedRunner', max_iters=10000)
lr_config = dict(
    policy='step',
    gamma=0.5,
    by_epoch=False,
    step=[6000, 8000],
    warmup='linear',
    warmup_by_epoch=False,
    warmup_ratio=0.001,
    warmup_iters=500)
work_dir = './work_dirs/segrefiner_oem_building_baseline'
auto_resume = False
gpu_ids = [0]

2026-04-14 01:50:41,920 - mmdet - INFO - Set random seed to 910484955, deterministic: False
2026-04-14 01:50:42,712 - mmdet - INFO - Loaded 1721 images (split=train.txt, test_mode=False)
2026-04-14 01:50:43,739 - mmdet - INFO - Automatic scaling of learning rate (LR) has been disabled.
2026-04-14 01:50:43,743 - mmdet - INFO - Loaded 218 images (split=val.txt, test_mode=True)
2026-04-14 01:50:43,743 - mmdet - INFO - Start running, host: ubuntu@ip-172-31-22-110, work_dir: /home/ubuntu/vy/Denoiser/SegRefinerDenoiser_Building/work_dirs/segrefiner_oem_building_baseline
2026-04-14 01:50:43,743 - mmdet - INFO - Hooks will be executed in the following order:
before_run:
(VERY_HIGH   ) StepLrUpdaterHook                  
(NORMAL      ) CheckpointHook                     
(VERY_LOW    ) TextLoggerHook                     
 -------------------- 
before_train_epoch:
(VERY_HIGH   ) StepLrUpdaterHook                  
(LOW         ) IterTimerHook                      
(VERY_LOW    ) TextLoggerHook                     
 -------------------- 
before_train_iter:
(VERY_HIGH   ) StepLrUpdaterHook                  
(LOW         ) IterTimerHook                      
 -------------------- 
after_train_iter:
(ABOVE_NORMAL) OptimizerHook                      
(NORMAL      ) CheckpointHook                     
(LOW         ) IterTimerHook                      
(LOW         ) OEMBuildingEvalHook                
(VERY_LOW    ) TextLoggerHook                     
 -------------------- 
after_train_epoch:
(NORMAL      ) CheckpointHook                     
(VERY_LOW    ) TextLoggerHook                     
 -------------------- 
before_val_epoch:
(LOW         ) IterTimerHook                      
(VERY_LOW    ) TextLoggerHook                     
 -------------------- 
before_val_iter:
(LOW         ) IterTimerHook                      
 -------------------- 
after_val_iter:
(LOW         ) IterTimerHook                      
 -------------------- 
after_val_epoch:
(VERY_LOW    ) TextLoggerHook                     
 -------------------- 
after_run:
(VERY_LOW    ) TextLoggerHook                     
 -------------------- 
2026-04-14 01:50:43,744 - mmdet - INFO - workflow: [('train', 1)], max: 10000 iters
2026-04-14 01:50:43,744 - mmdet - INFO - Checkpoints will be saved to /home/ubuntu/vy/Denoiser/SegRefinerDenoiser_Building/work_dirs/segrefiner_oem_building_baseline by HardDiskBackend.
2026-04-14 01:51:35,066 - mmdet - INFO - Iter [50/10000]	lr: 9.890e-06, eta: 2:48:39, time: 1.017, data_time: 0.021, memory: 28844, loss_mask: 0.5687, loss_texture: 0.1828, loss_dice: 1.1703, iou: 0.2977, loss: 1.9217, grad_norm: 7.2619
2026-04-14 01:52:22,448 - mmdet - INFO - Iter [100/10000]	lr: 1.988e-05, eta: 2:42:05, time: 0.948, data_time: 0.007, memory: 28844, loss_mask: 0.2280, loss_texture: 0.1345, loss_dice: 0.6325, iou: 0.6013, loss: 0.9949, grad_norm: 3.9753
2026-04-14 01:53:09,939 - mmdet - INFO - Iter [150/10000]	lr: 2.987e-05, eta: 2:39:29, time: 0.950, data_time: 0.007, memory: 28844, loss_mask: 0.1596, loss_texture: 0.1159, loss_dice: 0.4374, iou: 0.6489, loss: 0.7129, grad_norm: 2.0298
2026-04-14 01:53:57,428 - mmdet - INFO - Iter [200/10000]	lr: 3.986e-05, eta: 2:37:47, time: 0.950, data_time: 0.006, memory: 28844, loss_mask: 0.1447, loss_texture: 0.1128, loss_dice: 0.4288, iou: 0.6436, loss: 0.6864, grad_norm: 1.9248
2026-04-14 01:54:44,982 - mmdet - INFO - Iter [250/10000]	lr: 4.985e-05, eta: 2:36:29, time: 0.951, data_time: 0.007, memory: 28844, loss_mask: 0.1390, loss_texture: 0.1108, loss_dice: 0.3978, iou: 0.6551, loss: 0.6476, grad_norm: 1.7981
2026-04-14 01:55:32,512 - mmdet - INFO - Iter [300/10000]	lr: 5.984e-05, eta: 2:35:21, time: 0.951, data_time: 0.007, memory: 28844, loss_mask: 0.1323, loss_texture: 0.1079, loss_dice: 0.3747, iou: 0.6657, loss: 0.6149, grad_norm: 1.5765
2026-04-14 01:56:20,020 - mmdet - INFO - Iter [350/10000]	lr: 6.983e-05, eta: 2:34:18, time: 0.950, data_time: 0.006, memory: 28844, loss_mask: 0.1458, loss_texture: 0.1117, loss_dice: 0.3981, iou: 0.6536, loss: 0.6556, grad_norm: 1.5698
2026-04-14 01:57:07,565 - mmdet - INFO - Iter [400/10000]	lr: 7.982e-05, eta: 2:33:20, time: 0.951, data_time: 0.007, memory: 28844, loss_mask: 0.1253, loss_texture: 0.1060, loss_dice: 0.3885, iou: 0.6578, loss: 0.6198, grad_norm: 1.6776
2026-04-14 01:57:55,081 - mmdet - INFO - Iter [450/10000]	lr: 8.981e-05, eta: 2:32:23, time: 0.950, data_time: 0.007, memory: 28844, loss_mask: 0.1266, loss_texture: 0.1068, loss_dice: 0.3760, iou: 0.6669, loss: 0.6093, grad_norm: 1.7249
2026-04-14 01:58:42,655 - mmdet - INFO - Iter [500/10000]	lr: 9.980e-05, eta: 2:31:30, time: 0.951, data_time: 0.007, memory: 28844, loss_mask: 0.1292, loss_texture: 0.1062, loss_dice: 0.3756, iou: 0.6649, loss: 0.6110, grad_norm: 1.6792
2026-04-14 01:59:30,176 - mmdet - INFO - Iter [550/10000]	lr: 1.000e-04, eta: 2:30:36, time: 0.950, data_time: 0.007, memory: 28844, loss_mask: 0.1193, loss_texture: 0.1043, loss_dice: 0.3920, iou: 0.6578, loss: 0.6155, grad_norm: 1.4920
2026-04-14 02:00:17,845 - mmdet - INFO - Iter [600/10000]	lr: 1.000e-04, eta: 2:29:46, time: 0.953, data_time: 0.009, memory: 28844, loss_mask: 0.1435, loss_texture: 0.1113, loss_dice: 0.3779, iou: 0.6601, loss: 0.6328, grad_norm: 1.3063
2026-04-14 02:01:05,292 - mmdet - INFO - Iter [650/10000]	lr: 1.000e-04, eta: 2:28:53, time: 0.949, data_time: 0.007, memory: 28844, loss_mask: 0.1288, loss_texture: 0.1060, loss_dice: 0.3621, iou: 0.6707, loss: 0.5970, grad_norm: 1.2079
2026-04-14 02:01:52,759 - mmdet - INFO - Iter [700/10000]	lr: 1.000e-04, eta: 2:28:02, time: 0.949, data_time: 0.007, memory: 28844, loss_mask: 0.1186, loss_texture: 0.1021, loss_dice: 0.3630, iou: 0.6750, loss: 0.5837, grad_norm: 1.4371
2026-04-14 02:02:40,341 - mmdet - INFO - Iter [750/10000]	lr: 1.000e-04, eta: 2:27:12, time: 0.952, data_time: 0.006, memory: 28844, loss_mask: 0.1206, loss_texture: 0.1043, loss_dice: 0.3811, iou: 0.6648, loss: 0.6060, grad_norm: 1.4458
2026-04-14 02:03:27,888 - mmdet - INFO - Iter [800/10000]	lr: 1.000e-04, eta: 2:26:22, time: 0.951, data_time: 0.006, memory: 28844, loss_mask: 0.1223, loss_texture: 0.1032, loss_dice: 0.3515, iou: 0.6792, loss: 0.5770, grad_norm: 1.1920
2026-04-14 02:04:15,426 - mmdet - INFO - Iter [850/10000]	lr: 1.000e-04, eta: 2:25:32, time: 0.951, data_time: 0.006, memory: 28844, loss_mask: 0.1252, loss_texture: 0.1020, loss_dice: 0.3675, iou: 0.6676, loss: 0.5947, grad_norm: 1.3827
2026-04-14 02:05:03,034 - mmdet - INFO - Iter [900/10000]	lr: 1.000e-04, eta: 2:24:43, time: 0.952, data_time: 0.007, memory: 28844, loss_mask: 0.1266, loss_texture: 0.1060, loss_dice: 0.3590, iou: 0.6718, loss: 0.5916, grad_norm: 1.2282
2026-04-14 02:05:50,529 - mmdet - INFO - Iter [950/10000]	lr: 1.000e-04, eta: 2:23:53, time: 0.950, data_time: 0.007, memory: 28844, loss_mask: 0.1099, loss_texture: 0.0969, loss_dice: 0.3457, iou: 0.6822, loss: 0.5524, grad_norm: 1.3108
2026-04-14 02:06:38,070 - mmdet - INFO - 
--- Val evaluation at iter 1000 ---
2026-04-14 02:06:51,094 - mmdet - INFO - 
+------------+-------------+-------------+
| Class      | Refined IoU | Pseudo IoU  |
+------------+-------------+-------------+
| background | 92.93       | 92.68       |
| building   | 69.91       | 69.14       |
| Summary    | mIoU: 81.42 | mIoU: 80.91 |
+------------+-------------+-------------+
mBA: refined=0.6496, pseudo=0.6501
Images evaluated: 218
2026-04-14 02:06:51,911 - mmdet - INFO - ★ New best mIoU: 81.42% (prev: 0.00%, Δ=+81.42%) → saved to /home/ubuntu/vy/Denoiser/SegRefinerDenoiser_Building/work_dirs/segrefiner_oem_building_baseline/best_model.pth
2026-04-14 02:06:51,914 - mmdet - INFO - Exp name: segrefiner_oem_building_baseline.py
2026-04-14 02:06:51,914 - mmdet - INFO - Iter [1000/10000]	lr: 1.000e-04, eta: 2:23:04, time: 0.951, data_time: 0.006, memory: 28844, val/mIoU_single: 0.8142, val/IoU_single.building: 0.6991, val/IoU_single.background: 0.9293, val/mBA_single: 0.6496, loss_mask: 0.1303, loss_texture: 0.1077, loss_dice: 0.3562, iou: 0.6763, loss: 0.5943, grad_norm: 1.5207
2026-04-14 02:07:39,391 - mmdet - INFO - Iter [1050/10000]	lr: 1.000e-04, eta: 2:24:13, time: 1.226, data_time: 0.283, memory: 28844, loss_mask: 0.1236, loss_texture: 0.1057, loss_dice: 0.3489, iou: 0.6771, loss: 0.5782, grad_norm: 1.4295
2026-04-14 02:08:26,972 - mmdet - INFO - Iter [1100/10000]	lr: 1.000e-04, eta: 2:23:18, time: 0.952, data_time: 0.007, memory: 28844, loss_mask: 0.1177, loss_texture: 0.1008, loss_dice: 0.3472, iou: 0.6836, loss: 0.5657, grad_norm: 1.2243
2026-04-14 02:09:14,522 - mmdet - INFO - Iter [1150/10000]	lr: 1.000e-04, eta: 2:22:24, time: 0.951, data_time: 0.007, memory: 28844, loss_mask: 0.1137, loss_texture: 0.0984, loss_dice: 0.3548, iou: 0.6772, loss: 0.5669, grad_norm: 1.3054
2026-04-14 02:10:02,043 - mmdet - INFO - Iter [1200/10000]	lr: 1.000e-04, eta: 2:21:30, time: 0.950, data_time: 0.007, memory: 28844, loss_mask: 0.1156, loss_texture: 0.1011, loss_dice: 0.3312, iou: 0.6891, loss: 0.5479, grad_norm: 1.2519
2026-04-14 02:10:49,612 - mmdet - INFO - Iter [1250/10000]	lr: 1.000e-04, eta: 2:20:37, time: 0.951, data_time: 0.007, memory: 28844, loss_mask: 0.1099, loss_texture: 0.0966, loss_dice: 0.3387, iou: 0.6870, loss: 0.5451, grad_norm: 1.4318
2026-04-14 02:11:37,123 - mmdet - INFO - Iter [1300/10000]	lr: 1.000e-04, eta: 2:19:44, time: 0.950, data_time: 0.007, memory: 28844, loss_mask: 0.1225, loss_texture: 0.1022, loss_dice: 0.3434, iou: 0.6807, loss: 0.5681, grad_norm: 1.2962
2026-04-14 02:12:24,631 - mmdet - INFO - Iter [1350/10000]	lr: 1.000e-04, eta: 2:18:52, time: 0.950, data_time: 0.007, memory: 28844, loss_mask: 0.1167, loss_texture: 0.1015, loss_dice: 0.3506, iou: 0.6769, loss: 0.5687, grad_norm: 1.5459
2026-04-14 02:13:12,184 - mmdet - INFO - Iter [1400/10000]	lr: 1.000e-04, eta: 2:18:00, time: 0.951, data_time: 0.007, memory: 28844, loss_mask: 0.1166, loss_texture: 0.1001, loss_dice: 0.3304, iou: 0.6914, loss: 0.5471, grad_norm: 1.3857
2026-04-14 02:14:00,124 - mmdet - INFO - Iter [1450/10000]	lr: 1.000e-04, eta: 2:17:11, time: 0.959, data_time: 0.007, memory: 28844, loss_mask: 0.1082, loss_texture: 0.0947, loss_dice: 0.3278, iou: 0.6959, loss: 0.5307, grad_norm: 1.2305
2026-04-14 02:14:47,716 - mmdet - INFO - Iter [1500/10000]	lr: 1.000e-04, eta: 2:16:19, time: 0.952, data_time: 0.007, memory: 28844, loss_mask: 0.1113, loss_texture: 0.0969, loss_dice: 0.3383, iou: 0.6822, loss: 0.5464, grad_norm: 1.4249
2026-04-14 02:15:35,391 - mmdet - INFO - Iter [1550/10000]	lr: 1.000e-04, eta: 2:15:29, time: 0.954, data_time: 0.007, memory: 28844, loss_mask: 0.1188, loss_texture: 0.1032, loss_dice: 0.3197, iou: 0.6968, loss: 0.5417, grad_norm: 1.3746
2026-04-14 02:16:22,959 - mmdet - INFO - Iter [1600/10000]	lr: 1.000e-04, eta: 2:14:38, time: 0.951, data_time: 0.007, memory: 28844, loss_mask: 0.1165, loss_texture: 0.1003, loss_dice: 0.3188, iou: 0.6966, loss: 0.5357, grad_norm: 1.3628
2026-04-14 02:17:10,657 - mmdet - INFO - Iter [1650/10000]	lr: 1.000e-04, eta: 2:13:48, time: 0.954, data_time: 0.007, memory: 28844, loss_mask: 0.1144, loss_texture: 0.0970, loss_dice: 0.3355, iou: 0.6897, loss: 0.5469, grad_norm: 1.5690
2026-04-14 02:17:58,308 - mmdet - INFO - Iter [1700/10000]	lr: 1.000e-04, eta: 2:12:58, time: 0.953, data_time: 0.007, memory: 28844, loss_mask: 0.1117, loss_texture: 0.0978, loss_dice: 0.3113, iou: 0.6999, loss: 0.5209, grad_norm: 1.2524
2026-04-14 02:18:46,016 - mmdet - INFO - Iter [1750/10000]	lr: 1.000e-04, eta: 2:12:08, time: 0.954, data_time: 0.007, memory: 28844, loss_mask: 0.1235, loss_texture: 0.1026, loss_dice: 0.3088, iou: 0.7017, loss: 0.5349, grad_norm: 1.2513
2026-04-14 02:19:33,653 - mmdet - INFO - Iter [1800/10000]	lr: 1.000e-04, eta: 2:11:18, time: 0.953, data_time: 0.007, memory: 28844, loss_mask: 0.1065, loss_texture: 0.0930, loss_dice: 0.3107, iou: 0.7041, loss: 0.5103, grad_norm: 1.3248
2026-04-14 02:20:21,314 - mmdet - INFO - Iter [1850/10000]	lr: 1.000e-04, eta: 2:10:28, time: 0.953, data_time: 0.007, memory: 28844, loss_mask: 0.1199, loss_texture: 0.1041, loss_dice: 0.3180, iou: 0.6983, loss: 0.5420, grad_norm: 1.4349
2026-04-14 02:21:08,959 - mmdet - INFO - Iter [1900/10000]	lr: 1.000e-04, eta: 2:09:39, time: 0.953, data_time: 0.007, memory: 28844, loss_mask: 0.1049, loss_texture: 0.0948, loss_dice: 0.3073, iou: 0.7041, loss: 0.5070, grad_norm: 1.3160
2026-04-14 02:21:56,852 - mmdet - INFO - Iter [1950/10000]	lr: 1.000e-04, eta: 2:08:50, time: 0.958, data_time: 0.007, memory: 28844, loss_mask: 0.1174, loss_texture: 0.0992, loss_dice: 0.3241, iou: 0.6937, loss: 0.5407, grad_norm: 1.5998
2026-04-14 02:22:44,483 - mmdet - INFO - 
--- Val evaluation at iter 2000 ---
2026-04-14 02:22:57,942 - mmdet - INFO - 
+------------+-------------+-------------+
| Class      | Refined IoU | Pseudo IoU  |
+------------+-------------+-------------+
| background | 93.02       | 92.68       |
| building   | 70.75       | 69.14       |
| Summary    | mIoU: 81.89 | mIoU: 80.91 |
+------------+-------------+-------------+
mBA: refined=0.6431, pseudo=0.6501
Images evaluated: 218
2026-04-14 02:22:59,296 - mmdet - INFO - ★ New best mIoU: 81.89% (prev: 81.42%, Δ=+0.46%) → saved to /home/ubuntu/vy/Denoiser/SegRefinerDenoiser_Building/work_dirs/segrefiner_oem_building_baseline/best_model.pth
2026-04-14 02:22:59,300 - mmdet - INFO - Exp name: segrefiner_oem_building_baseline.py
2026-04-14 02:22:59,300 - mmdet - INFO - Iter [2000/10000]	lr: 1.000e-04, eta: 2:08:01, time: 0.953, data_time: 0.007, memory: 28844, val/mIoU_single: 0.8189, val/IoU_single.building: 0.7075, val/IoU_single.background: 0.9302, val/mBA_single: 0.6431, loss_mask: 0.1085, loss_texture: 0.0979, loss_dice: 0.3124, iou: 0.7017, loss: 0.5188, grad_norm: 1.3287
2026-04-14 02:23:46,811 - mmdet - INFO - Iter [2050/10000]	lr: 1.000e-04, eta: 2:08:08, time: 1.247, data_time: 0.304, memory: 28844, loss_mask: 0.1053, loss_texture: 0.0953, loss_dice: 0.3162, iou: 0.7011, loss: 0.5168, grad_norm: 1.6719
2026-04-14 02:24:34,290 - mmdet - INFO - Iter [2100/10000]	lr: 1.000e-04, eta: 2:07:16, time: 0.950, data_time: 0.007, memory: 28844, loss_mask: 0.1146, loss_texture: 0.0967, loss_dice: 0.3058, iou: 0.7057, loss: 0.5172, grad_norm: 1.5234
2026-04-14 02:25:21,877 - mmdet - INFO - Iter [2150/10000]	lr: 1.000e-04, eta: 2:06:25, time: 0.952, data_time: 0.007, memory: 28844, loss_mask: 0.1079, loss_texture: 0.0987, loss_dice: 0.3052, iou: 0.7051, loss: 0.5118, grad_norm: 1.3917
2026-04-14 02:26:09,515 - mmdet - INFO - Iter [2200/10000]	lr: 1.000e-04, eta: 2:05:35, time: 0.953, data_time: 0.007, memory: 28844, loss_mask: 0.1079, loss_texture: 0.0960, loss_dice: 0.3112, iou: 0.7012, loss: 0.5151, grad_norm: 1.4010
2026-04-14 02:26:57,470 - mmdet - INFO - Iter [2250/10000]	lr: 1.000e-04, eta: 2:04:45, time: 0.959, data_time: 0.007, memory: 28844, loss_mask: 0.1135, loss_texture: 0.0966, loss_dice: 0.3137, iou: 0.7026, loss: 0.5239, grad_norm: 1.3972
2026-04-14 02:27:45,151 - mmdet - INFO - Iter [2300/10000]	lr: 1.000e-04, eta: 2:03:55, time: 0.954, data_time: 0.007, memory: 28844, loss_mask: 0.1053, loss_texture: 0.0956, loss_dice: 0.3026, iou: 0.7063, loss: 0.5035, grad_norm: 1.5951
2026-04-14 02:28:33,069 - mmdet - INFO - Iter [2350/10000]	lr: 1.000e-04, eta: 2:03:05, time: 0.958, data_time: 0.007, memory: 28844, loss_mask: 0.1090, loss_texture: 0.0955, loss_dice: 0.3043, iou: 0.7075, loss: 0.5088, grad_norm: 1.5333
2026-04-14 02:29:20,726 - mmdet - INFO - Iter [2400/10000]	lr: 1.000e-04, eta: 2:02:15, time: 0.953, data_time: 0.007, memory: 28844, loss_mask: 0.1022, loss_texture: 0.0940, loss_dice: 0.2987, iou: 0.7100, loss: 0.4949, grad_norm: 1.4413
2026-04-14 02:30:08,519 - mmdet - INFO - Iter [2450/10000]	lr: 1.000e-04, eta: 2:01:25, time: 0.956, data_time: 0.008, memory: 28844, loss_mask: 0.1127, loss_texture: 0.0986, loss_dice: 0.3000, iou: 0.7086, loss: 0.5114, grad_norm: 1.3317
2026-04-14 02:30:56,503 - mmdet - INFO - Iter [2500/10000]	lr: 1.000e-04, eta: 2:00:36, time: 0.960, data_time: 0.007, memory: 28844, loss_mask: 0.1046, loss_texture: 0.0943, loss_dice: 0.3094, iou: 0.7046, loss: 0.5083, grad_norm: 1.7351
2026-04-14 02:31:44,289 - mmdet - INFO - Iter [2550/10000]	lr: 1.000e-04, eta: 1:59:47, time: 0.956, data_time: 0.007, memory: 28844, loss_mask: 0.0991, loss_texture: 0.0941, loss_dice: 0.3007, iou: 0.7078, loss: 0.4939, grad_norm: 1.5839
2026-04-14 02:32:32,134 - mmdet - INFO - Iter [2600/10000]	lr: 1.000e-04, eta: 1:58:57, time: 0.957, data_time: 0.007, memory: 28844, loss_mask: 0.1088, loss_texture: 0.0957, loss_dice: 0.2870, iou: 0.7178, loss: 0.4915, grad_norm: 1.1726
2026-04-14 02:33:19,628 - mmdet - INFO - Iter [2650/10000]	lr: 1.000e-04, eta: 1:58:07, time: 0.950, data_time: 0.007, memory: 28844, loss_mask: 0.1038, loss_texture: 0.0936, loss_dice: 0.2972, iou: 0.7108, loss: 0.4946, grad_norm: 1.8848
2026-04-14 02:34:07,096 - mmdet - INFO - Iter [2700/10000]	lr: 1.000e-04, eta: 1:57:17, time: 0.949, data_time: 0.007, memory: 28844, loss_mask: 0.1069, loss_texture: 0.0953, loss_dice: 0.2843, iou: 0.7181, loss: 0.4865, grad_norm: 1.4250
2026-04-14 02:34:54,622 - mmdet - INFO - Iter [2750/10000]	lr: 1.000e-04, eta: 1:56:27, time: 0.950, data_time: 0.007, memory: 28844, loss_mask: 0.1075, loss_texture: 0.0963, loss_dice: 0.2976, iou: 0.7103, loss: 0.5014, grad_norm: 1.4273
2026-04-14 02:35:42,287 - mmdet - INFO - Iter [2800/10000]	lr: 1.000e-04, eta: 1:55:37, time: 0.953, data_time: 0.007, memory: 28844, loss_mask: 0.1050, loss_texture: 0.0954, loss_dice: 0.2953, iou: 0.7117, loss: 0.4957, grad_norm: 2.0895
2026-04-14 02:36:30,023 - mmdet - INFO - Iter [2850/10000]	lr: 1.000e-04, eta: 1:54:48, time: 0.955, data_time: 0.007, memory: 28844, loss_mask: 0.1030, loss_texture: 0.0966, loss_dice: 0.2827, iou: 0.7224, loss: 0.4823, grad_norm: 1.4398
2026-04-14 02:37:17,652 - mmdet - INFO - Iter [2900/10000]	lr: 1.000e-04, eta: 1:53:59, time: 0.953, data_time: 0.007, memory: 28844, loss_mask: 0.1073, loss_texture: 0.0958, loss_dice: 0.2826, iou: 0.7200, loss: 0.4858, grad_norm: 1.5615
2026-04-14 02:38:05,337 - mmdet - INFO - Iter [2950/10000]	lr: 1.000e-04, eta: 1:53:09, time: 0.954, data_time: 0.007, memory: 28844, loss_mask: 0.1019, loss_texture: 0.0926, loss_dice: 0.2904, iou: 0.7157, loss: 0.4848, grad_norm: 2.0675
2026-04-14 02:38:53,029 - mmdet - INFO - 
--- Val evaluation at iter 3000 ---
2026-04-14 02:39:06,431 - mmdet - INFO - 
+------------+-------------+-------------+
| Class      | Refined IoU | Pseudo IoU  |
+------------+-------------+-------------+
| background | 93.21       | 92.68       |
| building   | 71.38       | 69.14       |
| Summary    | mIoU: 82.29 | mIoU: 80.91 |
+------------+-------------+-------------+
mBA: refined=0.6477, pseudo=0.6501
Images evaluated: 218
2026-04-14 02:39:07,780 - mmdet - INFO - ★ New best mIoU: 82.29% (prev: 81.89%, Δ=+0.41%) → saved to /home/ubuntu/vy/Denoiser/SegRefinerDenoiser_Building/work_dirs/segrefiner_oem_building_baseline/best_model.pth
2026-04-14 02:39:07,783 - mmdet - INFO - Exp name: segrefiner_oem_building_baseline.py
2026-04-14 02:39:07,783 - mmdet - INFO - Iter [3000/10000]	lr: 1.000e-04, eta: 1:52:20, time: 0.954, data_time: 0.007, memory: 28844, val/mIoU_single: 0.8229, val/IoU_single.building: 0.7138, val/IoU_single.background: 0.9321, val/mBA_single: 0.6477, loss_mask: 0.0974, loss_texture: 0.0907, loss_dice: 0.2846, iou: 0.7182, loss: 0.4727, grad_norm: 1.4640
2026-04-14 02:39:55,467 - mmdet - INFO - Iter [3050/10000]	lr: 1.000e-04, eta: 1:52:04, time: 1.249, data_time: 0.302, memory: 28844, loss_mask: 0.1095, loss_texture: 0.0964, loss_dice: 0.2817, iou: 0.7199, loss: 0.4876, grad_norm: 1.6422
2026-04-14 02:40:43,248 - mmdet - INFO - Iter [3100/10000]	lr: 1.000e-04, eta: 1:51:15, time: 0.956, data_time: 0.007, memory: 28844, loss_mask: 0.1031, loss_texture: 0.0948, loss_dice: 0.2788, iou: 0.7230, loss: 0.4767, grad_norm: 1.5857
2026-04-14 02:41:30,938 - mmdet - INFO - Iter [3150/10000]	lr: 1.000e-04, eta: 1:50:25, time: 0.954, data_time: 0.007, memory: 28844, loss_mask: 0.0931, loss_texture: 0.0912, loss_dice: 0.2929, iou: 0.7140, loss: 0.4772, grad_norm: 1.6521
2026-04-14 02:42:18,454 - mmdet - INFO - Iter [3200/10000]	lr: 1.000e-04, eta: 1:49:35, time: 0.950, data_time: 0.007, memory: 28844, loss_mask: 0.1124, loss_texture: 0.0972, loss_dice: 0.2596, iou: 0.7349, loss: 0.4692, grad_norm: 1.2557
2026-04-14 02:43:06,040 - mmdet - INFO - Iter [3250/10000]	lr: 1.000e-04, eta: 1:48:45, time: 0.952, data_time: 0.007, memory: 28844, loss_mask: 0.1008, loss_texture: 0.0941, loss_dice: 0.2755, iou: 0.7245, loss: 0.4704, grad_norm: 1.5453
2026-04-14 02:43:53,773 - mmdet - INFO - Iter [3300/10000]	lr: 1.000e-04, eta: 1:47:55, time: 0.955, data_time: 0.008, memory: 28844, loss_mask: 0.0923, loss_texture: 0.0889, loss_dice: 0.2901, iou: 0.7184, loss: 0.4713, grad_norm: 1.6225
2026-04-14 02:44:41,454 - mmdet - INFO - Iter [3350/10000]	lr: 1.000e-04, eta: 1:47:06, time: 0.954, data_time: 0.007, memory: 28844, loss_mask: 0.1001, loss_texture: 0.0914, loss_dice: 0.2769, iou: 0.7232, loss: 0.4684, grad_norm: 1.5809
2026-04-14 02:45:29,108 - mmdet - INFO - Iter [3400/10000]	lr: 1.000e-04, eta: 1:46:16, time: 0.953, data_time: 0.007, memory: 28844, loss_mask: 0.1021, loss_texture: 0.0947, loss_dice: 0.2798, iou: 0.7228, loss: 0.4766, grad_norm: 1.3818
2026-04-14 02:46:16,804 - mmdet - INFO - Iter [3450/10000]	lr: 1.000e-04, eta: 1:45:27, time: 0.954, data_time: 0.007, memory: 28844, loss_mask: 0.1023, loss_texture: 0.0931, loss_dice: 0.2634, iou: 0.7335, loss: 0.4587, grad_norm: 1.3389
2026-04-14 02:47:04,462 - mmdet - INFO - Iter [3500/10000]	lr: 1.000e-04, eta: 1:44:37, time: 0.953, data_time: 0.007, memory: 28844, loss_mask: 0.0974, loss_texture: 0.0913, loss_dice: 0.2728, iou: 0.7296, loss: 0.4615, grad_norm: 1.4771
2026-04-14 02:47:52,207 - mmdet - INFO - Iter [3550/10000]	lr: 1.000e-04, eta: 1:43:48, time: 0.955, data_time: 0.007, memory: 28844, loss_mask: 0.1014, loss_texture: 0.0935, loss_dice: 0.2608, iou: 0.7355, loss: 0.4557, grad_norm: 1.4877
2026-04-14 02:48:39,880 - mmdet - INFO - Iter [3600/10000]	lr: 1.000e-04, eta: 1:42:58, time: 0.953, data_time: 0.007, memory: 28844, loss_mask: 0.1023, loss_texture: 0.0941, loss_dice: 0.2677, iou: 0.7303, loss: 0.4641, grad_norm: 1.9663
2026-04-14 02:49:27,553 - mmdet - INFO - Iter [3650/10000]	lr: 1.000e-04, eta: 1:42:09, time: 0.953, data_time: 0.007, memory: 28844, loss_mask: 0.0998, loss_texture: 0.0932, loss_dice: 0.2704, iou: 0.7261, loss: 0.4633, grad_norm: 1.6344
2026-04-14 02:50:15,285 - mmdet - INFO - Iter [3700/10000]	lr: 1.000e-04, eta: 1:41:20, time: 0.955, data_time: 0.008, memory: 28844, loss_mask: 0.0980, loss_texture: 0.0925, loss_dice: 0.2580, iou: 0.7370, loss: 0.4485, grad_norm: 1.4567
2026-04-14 02:51:03,045 - mmdet - INFO - Iter [3750/10000]	lr: 1.000e-04, eta: 1:40:31, time: 0.955, data_time: 0.007, memory: 28844, loss_mask: 0.0932, loss_texture: 0.0878, loss_dice: 0.2614, iou: 0.7364, loss: 0.4424, grad_norm: 1.5966
2026-04-14 02:51:50,677 - mmdet - INFO - Iter [3800/10000]	lr: 1.000e-04, eta: 1:39:42, time: 0.953, data_time: 0.007, memory: 28844, loss_mask: 0.0965, loss_texture: 0.0888, loss_dice: 0.2585, iou: 0.7381, loss: 0.4438, grad_norm: 1.3922
2026-04-14 02:52:38,505 - mmdet - INFO - Iter [3850/10000]	lr: 1.000e-04, eta: 1:38:53, time: 0.957, data_time: 0.007, memory: 28844, loss_mask: 0.0959, loss_texture: 0.0929, loss_dice: 0.2691, iou: 0.7326, loss: 0.4580, grad_norm: 1.5660
2026-04-14 02:53:26,455 - mmdet - INFO - Iter [3900/10000]	lr: 1.000e-04, eta: 1:38:04, time: 0.959, data_time: 0.007, memory: 28844, loss_mask: 0.1121, loss_texture: 0.0970, loss_dice: 0.2642, iou: 0.7318, loss: 0.4733, grad_norm: 1.5259
2026-04-14 02:54:14,380 - mmdet - INFO - Iter [3950/10000]	lr: 1.000e-04, eta: 1:37:15, time: 0.958, data_time: 0.007, memory: 28844, loss_mask: 0.0955, loss_texture: 0.0900, loss_dice: 0.2693, iou: 0.7297, loss: 0.4549, grad_norm: 1.8083
2026-04-14 02:55:02,319 - mmdet - INFO - 
--- Val evaluation at iter 4000 ---
2026-04-14 02:55:15,968 - mmdet - INFO - 
+------------+-------------+-------------+
| Class      | Refined IoU | Pseudo IoU  |
+------------+-------------+-------------+
| background | 93.25       | 92.68       |
| building   | 72.26       | 69.14       |
| Summary    | mIoU: 82.76 | mIoU: 80.91 |
+------------+-------------+-------------+
mBA: refined=0.6487, pseudo=0.6501
Images evaluated: 218
2026-04-14 02:55:17,344 - mmdet - INFO - ★ New best mIoU: 82.76% (prev: 82.29%, Δ=+0.46%) → saved to /home/ubuntu/vy/Denoiser/SegRefinerDenoiser_Building/work_dirs/segrefiner_oem_building_baseline/best_model.pth
2026-04-14 02:55:17,347 - mmdet - INFO - Exp name: segrefiner_oem_building_baseline.py
2026-04-14 02:55:17,347 - mmdet - INFO - Iter [4000/10000]	lr: 1.000e-04, eta: 1:36:27, time: 0.959, data_time: 0.007, memory: 28844, val/mIoU_single: 0.8276, val/IoU_single.building: 0.7226, val/IoU_single.background: 0.9325, val/mBA_single: 0.6487, loss_mask: 0.0990, loss_texture: 0.0911, loss_dice: 0.2616, iou: 0.7370, loss: 0.4516, grad_norm: 1.6426
2026-04-14 02:56:05,171 - mmdet - INFO - Iter [4050/10000]	lr: 1.000e-04, eta: 1:36:00, time: 1.257, data_time: 0.307, memory: 28844, loss_mask: 0.0905, loss_texture: 0.0883, loss_dice: 0.2521, iou: 0.7426, loss: 0.4310, grad_norm: 1.2358
2026-04-14 02:56:52,949 - mmdet - INFO - Iter [4100/10000]	lr: 1.000e-04, eta: 1:35:11, time: 0.956, data_time: 0.008, memory: 28844, loss_mask: 0.0992, loss_texture: 0.0911, loss_dice: 0.2538, iou: 0.7392, loss: 0.4441, grad_norm: 1.5546
2026-04-14 02:57:40,843 - mmdet - INFO - Iter [4150/10000]	lr: 1.000e-04, eta: 1:34:21, time: 0.958, data_time: 0.007, memory: 28844, loss_mask: 0.0981, loss_texture: 0.0927, loss_dice: 0.2557, iou: 0.7407, loss: 0.4465, grad_norm: 1.2966
2026-04-14 02:58:28,584 - mmdet - INFO - Iter [4200/10000]	lr: 1.000e-04, eta: 1:33:32, time: 0.955, data_time: 0.007, memory: 28844, loss_mask: 0.0994, loss_texture: 0.0913, loss_dice: 0.2543, iou: 0.7420, loss: 0.4451, grad_norm: 1.3883
2026-04-14 02:59:16,419 - mmdet - INFO - Iter [4250/10000]	lr: 1.000e-04, eta: 1:32:43, time: 0.957, data_time: 0.007, memory: 28844, loss_mask: 0.1011, loss_texture: 0.0926, loss_dice: 0.2536, iou: 0.7407, loss: 0.4473, grad_norm: 1.2942
2026-04-14 03:00:04,147 - mmdet - INFO - Iter [4300/10000]	lr: 1.000e-04, eta: 1:31:54, time: 0.955, data_time: 0.007, memory: 28844, loss_mask: 0.0952, loss_texture: 0.0904, loss_dice: 0.2537, iou: 0.7388, loss: 0.4394, grad_norm: 1.5967
2026-04-14 03:00:51,901 - mmdet - INFO - Iter [4350/10000]	lr: 1.000e-04, eta: 1:31:05, time: 0.955, data_time: 0.007, memory: 28844, loss_mask: 0.0926, loss_texture: 0.0885, loss_dice: 0.2416, iou: 0.7499, loss: 0.4227, grad_norm: 1.1950
2026-04-14 03:01:39,701 - mmdet - INFO - Iter [4400/10000]	lr: 1.000e-04, eta: 1:30:16, time: 0.956, data_time: 0.007, memory: 28844, loss_mask: 0.0951, loss_texture: 0.0910, loss_dice: 0.2405, iou: 0.7498, loss: 0.4266, grad_norm: 1.1506
2026-04-14 03:02:27,523 - mmdet - INFO - Iter [4450/10000]	lr: 1.000e-04, eta: 1:29:27, time: 0.956, data_time: 0.007, memory: 28844, loss_mask: 0.0943, loss_texture: 0.0907, loss_dice: 0.2615, iou: 0.7380, loss: 0.4465, grad_norm: 1.8269
2026-04-14 03:03:15,261 - mmdet - INFO - Iter [4500/10000]	lr: 1.000e-04, eta: 1:28:37, time: 0.955, data_time: 0.007, memory: 28844, loss_mask: 0.0975, loss_texture: 0.0933, loss_dice: 0.2365, iou: 0.7525, loss: 0.4273, grad_norm: 1.4259
2026-04-14 03:04:03,108 - mmdet - INFO - Iter [4550/10000]	lr: 1.000e-04, eta: 1:27:48, time: 0.957, data_time: 0.008, memory: 28844, loss_mask: 0.1000, loss_texture: 0.0925, loss_dice: 0.2602, iou: 0.7390, loss: 0.4527, grad_norm: 1.5559
2026-04-14 03:04:50,885 - mmdet - INFO - Iter [4600/10000]	lr: 1.000e-04, eta: 1:26:59, time: 0.956, data_time: 0.007, memory: 28844, loss_mask: 0.0934, loss_texture: 0.0877, loss_dice: 0.2497, iou: 0.7445, loss: 0.4308, grad_norm: 1.4967
2026-04-14 03:05:38,600 - mmdet - INFO - Iter [4650/10000]	lr: 1.000e-04, eta: 1:26:10, time: 0.954, data_time: 0.007, memory: 28844, loss_mask: 0.0928, loss_texture: 0.0906, loss_dice: 0.2412, iou: 0.7486, loss: 0.4245, grad_norm: 1.6133
2026-04-14 03:06:26,295 - mmdet - INFO - Iter [4700/10000]	lr: 1.000e-04, eta: 1:25:21, time: 0.954, data_time: 0.007, memory: 28844, loss_mask: 0.0928, loss_texture: 0.0898, loss_dice: 0.2481, iou: 0.7474, loss: 0.4307, grad_norm: 1.7145
2026-04-14 03:07:13,904 - mmdet - INFO - Iter [4750/10000]	lr: 1.000e-04, eta: 1:24:32, time: 0.952, data_time: 0.007, memory: 28844, loss_mask: 0.0920, loss_texture: 0.0917, loss_dice: 0.2436, iou: 0.7483, loss: 0.4273, grad_norm: 1.4856
2026-04-14 03:08:01,575 - mmdet - INFO - Iter [4800/10000]	lr: 1.000e-04, eta: 1:23:43, time: 0.953, data_time: 0.007, memory: 28844, loss_mask: 0.0928, loss_texture: 0.0890, loss_dice: 0.2457, iou: 0.7479, loss: 0.4276, grad_norm: 1.4240
2026-04-14 03:08:49,218 - mmdet - INFO - Iter [4850/10000]	lr: 1.000e-04, eta: 1:22:54, time: 0.953, data_time: 0.007, memory: 28844, loss_mask: 0.1032, loss_texture: 0.0943, loss_dice: 0.2473, iou: 0.7465, loss: 0.4447, grad_norm: 1.4558
2026-04-14 03:09:36,914 - mmdet - INFO - Iter [4900/10000]	lr: 1.000e-04, eta: 1:22:05, time: 0.954, data_time: 0.007, memory: 28844, loss_mask: 0.0967, loss_texture: 0.0892, loss_dice: 0.2478, iou: 0.7455, loss: 0.4337, grad_norm: 1.3568
2026-04-14 03:10:24,564 - mmdet - INFO - Iter [4950/10000]	lr: 1.000e-04, eta: 1:21:16, time: 0.953, data_time: 0.007, memory: 28844, loss_mask: 0.0923, loss_texture: 0.0877, loss_dice: 0.2366, iou: 0.7540, loss: 0.4167, grad_norm: 1.5057
2026-04-14 03:11:12,268 - mmdet - INFO - Saving checkpoint at 5000 iterations
2026-04-14 03:11:14,196 - mmdet - INFO - 
--- Val evaluation at iter 5000 ---
2026-04-14 03:11:27,584 - mmdet - INFO - 
+------------+-------------+-------------+
| Class      | Refined IoU | Pseudo IoU  |
+------------+-------------+-------------+
| background | 93.42       | 92.68       |
| building   | 72.38       | 69.14       |
| Summary    | mIoU: 82.90 | mIoU: 80.91 |
+------------+-------------+-------------+
mBA: refined=0.6497, pseudo=0.6501
Images evaluated: 218
2026-04-14 03:11:28,959 - mmdet - INFO - ★ New best mIoU: 82.90% (prev: 82.76%, Δ=+0.14%) → saved to /home/ubuntu/vy/Denoiser/SegRefinerDenoiser_Building/work_dirs/segrefiner_oem_building_baseline/best_model.pth
2026-04-14 03:11:28,963 - mmdet - INFO - Exp name: segrefiner_oem_building_baseline.py
2026-04-14 03:11:28,963 - mmdet - INFO - Iter [5000/10000]	lr: 1.000e-04, eta: 1:20:29, time: 0.993, data_time: 0.007, memory: 28844, val/mIoU_single: 0.8290, val/IoU_single.building: 0.7238, val/IoU_single.background: 0.9342, val/mBA_single: 0.6497, loss_mask: 0.0969, loss_texture: 0.0891, loss_dice: 0.2486, iou: 0.7461, loss: 0.4346, grad_norm: 1.5487
2026-04-14 03:12:16,557 - mmdet - INFO - Iter [5050/10000]	lr: 1.000e-04, eta: 1:19:55, time: 1.247, data_time: 0.302, memory: 28844, loss_mask: 0.0970, loss_texture: 0.0931, loss_dice: 0.2464, iou: 0.7472, loss: 0.4365, grad_norm: 1.3641
2026-04-14 03:13:04,221 - mmdet - INFO - Iter [5100/10000]	lr: 1.000e-04, eta: 1:19:06, time: 0.953, data_time: 0.007, memory: 28844, loss_mask: 0.0962, loss_texture: 0.0913, loss_dice: 0.2430, iou: 0.7501, loss: 0.4305, grad_norm: 1.6451
2026-04-14 03:13:51,944 - mmdet - INFO - Iter [5150/10000]	lr: 1.000e-04, eta: 1:18:17, time: 0.954, data_time: 0.007, memory: 28844, loss_mask: 0.0879, loss_texture: 0.0837, loss_dice: 0.2381, iou: 0.7536, loss: 0.4097, grad_norm: 1.2787
2026-04-14 03:14:39,861 - mmdet - INFO - Iter [5200/10000]	lr: 1.000e-04, eta: 1:17:28, time: 0.958, data_time: 0.007, memory: 28844, loss_mask: 0.0980, loss_texture: 0.0944, loss_dice: 0.2356, iou: 0.7551, loss: 0.4280, grad_norm: 1.2520
2026-04-14 03:15:27,410 - mmdet - INFO - Iter [5250/10000]	lr: 1.000e-04, eta: 1:16:39, time: 0.951, data_time: 0.007, memory: 28844, loss_mask: 0.0903, loss_texture: 0.0855, loss_dice: 0.2289, iou: 0.7602, loss: 0.4048, grad_norm: 1.3066
2026-04-14 03:16:14,914 - mmdet - INFO - Iter [5300/10000]	lr: 1.000e-04, eta: 1:15:49, time: 0.950, data_time: 0.007, memory: 28844, loss_mask: 0.0865, loss_texture: 0.0873, loss_dice: 0.2476, iou: 0.7478, loss: 0.4214, grad_norm: 1.6396
2026-04-14 03:17:02,583 - mmdet - INFO - Iter [5350/10000]	lr: 1.000e-04, eta: 1:15:00, time: 0.953, data_time: 0.008, memory: 28844, loss_mask: 0.0941, loss_texture: 0.0900, loss_dice: 0.2331, iou: 0.7577, loss: 0.4172, grad_norm: 1.3060
2026-04-14 03:17:50,371 - mmdet - INFO - Iter [5400/10000]	lr: 1.000e-04, eta: 1:14:11, time: 0.956, data_time: 0.007, memory: 28844, loss_mask: 0.0965, loss_texture: 0.0901, loss_dice: 0.2305, iou: 0.7591, loss: 0.4171, grad_norm: 1.5239
2026-04-14 03:18:38,096 - mmdet - INFO - Iter [5450/10000]	lr: 1.000e-04, eta: 1:13:22, time: 0.954, data_time: 0.007, memory: 28844, loss_mask: 0.0854, loss_texture: 0.0866, loss_dice: 0.2367, iou: 0.7537, loss: 0.4087, grad_norm: 1.2333
2026-04-14 03:19:25,836 - mmdet - INFO - Iter [5500/10000]	lr: 1.000e-04, eta: 1:12:34, time: 0.955, data_time: 0.007, memory: 28844, loss_mask: 0.0937, loss_texture: 0.0883, loss_dice: 0.2269, iou: 0.7614, loss: 0.4089, grad_norm: 1.4300
2026-04-14 03:20:13,540 - mmdet - INFO - Iter [5550/10000]	lr: 1.000e-04, eta: 1:11:45, time: 0.954, data_time: 0.007, memory: 28844, loss_mask: 0.0948, loss_texture: 0.0902, loss_dice: 0.2357, iou: 0.7571, loss: 0.4207, grad_norm: 1.1485
2026-04-14 03:21:01,260 - mmdet - INFO - Iter [5600/10000]	lr: 1.000e-04, eta: 1:10:56, time: 0.954, data_time: 0.007, memory: 28844, loss_mask: 0.0885, loss_texture: 0.0861, loss_dice: 0.2373, iou: 0.7541, loss: 0.4119, grad_norm: 1.6839
2026-04-14 03:21:48,992 - mmdet - INFO - Iter [5650/10000]	lr: 1.000e-04, eta: 1:10:07, time: 0.955, data_time: 0.007, memory: 28844, loss_mask: 0.0905, loss_texture: 0.0876, loss_dice: 0.2275, iou: 0.7628, loss: 0.4057, grad_norm: 1.2671
2026-04-14 03:22:36,580 - mmdet - INFO - Iter [5700/10000]	lr: 1.000e-04, eta: 1:09:18, time: 0.952, data_time: 0.007, memory: 28844, loss_mask: 0.1009, loss_texture: 0.0926, loss_dice: 0.2404, iou: 0.7523, loss: 0.4339, grad_norm: 1.4181
2026-04-14 03:23:24,176 - mmdet - INFO - Iter [5750/10000]	lr: 1.000e-04, eta: 1:08:29, time: 0.952, data_time: 0.007, memory: 28844, loss_mask: 0.0842, loss_texture: 0.0851, loss_dice: 0.2272, iou: 0.7630, loss: 0.3965, grad_norm: 1.2773
2026-04-14 03:24:11,859 - mmdet - INFO - Iter [5800/10000]	lr: 1.000e-04, eta: 1:07:40, time: 0.954, data_time: 0.007, memory: 28844, loss_mask: 0.0836, loss_texture: 0.0858, loss_dice: 0.2277, iou: 0.7619, loss: 0.3971, grad_norm: 1.3158
2026-04-14 03:24:59,465 - mmdet - INFO - Iter [5850/10000]	lr: 1.000e-04, eta: 1:06:51, time: 0.952, data_time: 0.007, memory: 28844, loss_mask: 0.0902, loss_texture: 0.0864, loss_dice: 0.2313, iou: 0.7585, loss: 0.4079, grad_norm: 1.3060
2026-04-14 03:25:47,162 - mmdet - INFO - Iter [5900/10000]	lr: 1.000e-04, eta: 1:06:03, time: 0.954, data_time: 0.007, memory: 28844, loss_mask: 0.0918, loss_texture: 0.0890, loss_dice: 0.2359, iou: 0.7602, loss: 0.4167, grad_norm: 1.2105
2026-04-14 03:26:34,814 - mmdet - INFO - Iter [5950/10000]	lr: 1.000e-04, eta: 1:05:14, time: 0.953, data_time: 0.007, memory: 28844, loss_mask: 0.0901, loss_texture: 0.0885, loss_dice: 0.2223, iou: 0.7646, loss: 0.4010, grad_norm: 1.4837
2026-04-14 03:27:22,490 - mmdet - INFO - 
--- Val evaluation at iter 6000 ---
2026-04-14 03:27:35,718 - mmdet - INFO - 
+------------+-------------+-------------+
| Class      | Refined IoU | Pseudo IoU  |
+------------+-------------+-------------+
| background | 93.45       | 92.68       |
| building   | 72.69       | 69.14       |
| Summary    | mIoU: 83.07 | mIoU: 80.91 |
+------------+-------------+-------------+
mBA: refined=0.6570, pseudo=0.6501
Images evaluated: 218
2026-04-14 03:27:37,078 - mmdet - INFO - ★ New best mIoU: 83.07% (prev: 82.90%, Δ=+0.17%) → saved to /home/ubuntu/vy/Denoiser/SegRefinerDenoiser_Building/work_dirs/segrefiner_oem_building_baseline/best_model.pth
2026-04-14 03:27:37,081 - mmdet - INFO - Exp name: segrefiner_oem_building_baseline.py
2026-04-14 03:27:37,081 - mmdet - INFO - Iter [6000/10000]	lr: 1.000e-04, eta: 1:04:25, time: 0.954, data_time: 0.007, memory: 28844, val/mIoU_single: 0.8307, val/IoU_single.building: 0.7269, val/IoU_single.background: 0.9345, val/mBA_single: 0.6570, loss_mask: 0.0907, loss_texture: 0.0867, loss_dice: 0.2193, iou: 0.7674, loss: 0.3967, grad_norm: 1.2606
2026-04-14 03:28:24,609 - mmdet - INFO - Iter [6050/10000]	lr: 5.000e-05, eta: 1:03:46, time: 1.242, data_time: 0.298, memory: 28844, loss_mask: 0.0841, loss_texture: 0.0847, loss_dice: 0.2259, iou: 0.7636, loss: 0.3947, grad_norm: 1.2937
2026-04-14 03:29:12,204 - mmdet - INFO - Iter [6100/10000]	lr: 5.000e-05, eta: 1:02:57, time: 0.952, data_time: 0.007, memory: 28844, loss_mask: 0.0735, loss_texture: 0.0812, loss_dice: 0.2066, iou: 0.7806, loss: 0.3613, grad_norm: 0.9273
2026-04-14 03:29:59,743 - mmdet - INFO - Iter [6150/10000]	lr: 5.000e-05, eta: 1:02:08, time: 0.951, data_time: 0.007, memory: 28844, loss_mask: 0.0968, loss_texture: 0.0906, loss_dice: 0.2115, iou: 0.7747, loss: 0.3989, grad_norm: 0.9979
2026-04-14 03:30:47,283 - mmdet - INFO - Iter [6200/10000]	lr: 5.000e-05, eta: 1:01:19, time: 0.951, data_time: 0.007, memory: 28844, loss_mask: 0.0845, loss_texture: 0.0868, loss_dice: 0.2094, iou: 0.7772, loss: 0.3807, grad_norm: 0.9617
2026-04-14 03:31:34,855 - mmdet - INFO - Iter [6250/10000]	lr: 5.000e-05, eta: 1:00:30, time: 0.951, data_time: 0.007, memory: 28844, loss_mask: 0.0828, loss_texture: 0.0821, loss_dice: 0.2066, iou: 0.7792, loss: 0.3715, grad_norm: 1.1615
2026-04-14 03:32:22,346 - mmdet - INFO - Iter [6300/10000]	lr: 5.000e-05, eta: 0:59:41, time: 0.950, data_time: 0.007, memory: 28844, loss_mask: 0.0856, loss_texture: 0.0858, loss_dice: 0.2169, iou: 0.7726, loss: 0.3883, grad_norm: 0.9661
2026-04-14 03:33:09,926 - mmdet - INFO - Iter [6350/10000]	lr: 5.000e-05, eta: 0:58:52, time: 0.952, data_time: 0.007, memory: 28844, loss_mask: 0.0848, loss_texture: 0.0849, loss_dice: 0.2087, iou: 0.7796, loss: 0.3784, grad_norm: 0.9872
2026-04-14 03:33:57,531 - mmdet - INFO - Iter [6400/10000]	lr: 5.000e-05, eta: 0:58:03, time: 0.952, data_time: 0.007, memory: 28844, loss_mask: 0.0779, loss_texture: 0.0812, loss_dice: 0.2076, iou: 0.7796, loss: 0.3666, grad_norm: 0.9469
2026-04-14 03:34:44,989 - mmdet - INFO - Iter [6450/10000]	lr: 5.000e-05, eta: 0:57:14, time: 0.949, data_time: 0.007, memory: 28844, loss_mask: 0.0880, loss_texture: 0.0878, loss_dice: 0.2054, iou: 0.7798, loss: 0.3812, grad_norm: 0.9866
2026-04-14 03:35:32,450 - mmdet - INFO - Iter [6500/10000]	lr: 5.000e-05, eta: 0:56:25, time: 0.949, data_time: 0.007, memory: 28844, loss_mask: 0.0892, loss_texture: 0.0871, loss_dice: 0.2008, iou: 0.7870, loss: 0.3771, grad_norm: 0.9084
2026-04-14 03:36:20,270 - mmdet - INFO - Iter [6550/10000]	lr: 5.000e-05, eta: 0:55:37, time: 0.956, data_time: 0.007, memory: 28844, loss_mask: 0.0833, loss_texture: 0.0832, loss_dice: 0.2017, iou: 0.7836, loss: 0.3682, grad_norm: 1.0791
2026-04-14 03:37:07,876 - mmdet - INFO - Iter [6600/10000]	lr: 5.000e-05, eta: 0:54:48, time: 0.952, data_time: 0.007, memory: 28844, loss_mask: 0.0824, loss_texture: 0.0837, loss_dice: 0.2121, iou: 0.7762, loss: 0.3782, grad_norm: 1.0470
2026-04-14 03:37:55,286 - mmdet - INFO - Iter [6650/10000]	lr: 5.000e-05, eta: 0:53:59, time: 0.948, data_time: 0.007, memory: 28844, loss_mask: 0.0848, loss_texture: 0.0852, loss_dice: 0.1960, iou: 0.7890, loss: 0.3660, grad_norm: 0.9231
2026-04-14 03:38:42,709 - mmdet - INFO - Iter [6700/10000]	lr: 5.000e-05, eta: 0:53:10, time: 0.948, data_time: 0.007, memory: 28844, loss_mask: 0.0794, loss_texture: 0.0821, loss_dice: 0.2093, iou: 0.7781, loss: 0.3707, grad_norm: 0.9660
2026-04-14 03:39:30,281 - mmdet - INFO - Iter [6750/10000]	lr: 5.000e-05, eta: 0:52:22, time: 0.951, data_time: 0.007, memory: 28844, loss_mask: 0.0764, loss_texture: 0.0858, loss_dice: 0.1964, iou: 0.7884, loss: 0.3586, grad_norm: 1.1880
2026-04-14 03:40:18,150 - mmdet - INFO - Iter [6800/10000]	lr: 5.000e-05, eta: 0:51:33, time: 0.957, data_time: 0.007, memory: 28844, loss_mask: 0.0794, loss_texture: 0.0837, loss_dice: 0.1975, iou: 0.7887, loss: 0.3606, grad_norm: 1.0756
2026-04-14 03:41:06,120 - mmdet - INFO - Iter [6850/10000]	lr: 5.000e-05, eta: 0:50:45, time: 0.959, data_time: 0.007, memory: 28844, loss_mask: 0.0768, loss_texture: 0.0810, loss_dice: 0.2040, iou: 0.7837, loss: 0.3617, grad_norm: 1.0346
2026-04-14 03:41:53,808 - mmdet - INFO - Iter [6900/10000]	lr: 5.000e-05, eta: 0:49:56, time: 0.954, data_time: 0.007, memory: 28844, loss_mask: 0.0812, loss_texture: 0.0834, loss_dice: 0.1993, iou: 0.7861, loss: 0.3638, grad_norm: 0.9403
2026-04-14 03:42:41,682 - mmdet - INFO - Iter [6950/10000]	lr: 5.000e-05, eta: 0:49:07, time: 0.957, data_time: 0.007, memory: 28844, loss_mask: 0.0752, loss_texture: 0.0836, loss_dice: 0.1940, iou: 0.7902, loss: 0.3527, grad_norm: 1.0114
2026-04-14 03:43:29,456 - mmdet - INFO - 
--- Val evaluation at iter 7000 ---
2026-04-14 03:43:42,817 - mmdet - INFO - 
+------------+-------------+-------------+
| Class      | Refined IoU | Pseudo IoU  |
+------------+-------------+-------------+
| background | 93.65       | 92.68       |
| building   | 73.32       | 69.14       |
| Summary    | mIoU: 83.48 | mIoU: 80.91 |
+------------+-------------+-------------+
mBA: refined=0.6527, pseudo=0.6501
Images evaluated: 218
2026-04-14 03:43:44,174 - mmdet - INFO - ★ New best mIoU: 83.48% (prev: 83.07%, Δ=+0.41%) → saved to /home/ubuntu/vy/Denoiser/SegRefinerDenoiser_Building/work_dirs/segrefiner_oem_building_baseline/best_model.pth
2026-04-14 03:43:44,177 - mmdet - INFO - Exp name: segrefiner_oem_building_baseline.py
2026-04-14 03:43:44,177 - mmdet - INFO - Iter [7000/10000]	lr: 5.000e-05, eta: 0:48:19, time: 0.955, data_time: 0.007, memory: 28844, val/mIoU_single: 0.8348, val/IoU_single.building: 0.7332, val/IoU_single.background: 0.9365, val/mBA_single: 0.6527, loss_mask: 0.0819, loss_texture: 0.0817, loss_dice: 0.1999, iou: 0.7865, loss: 0.3635, grad_norm: 1.1196
2026-04-14 03:44:31,996 - mmdet - INFO - Iter [7050/10000]	lr: 5.000e-05, eta: 0:47:37, time: 1.251, data_time: 0.301, memory: 28844, loss_mask: 0.0823, loss_texture: 0.0848, loss_dice: 0.1997, iou: 0.7884, loss: 0.3669, grad_norm: 1.1336
2026-04-14 03:45:19,704 - mmdet - INFO - Iter [7100/10000]	lr: 5.000e-05, eta: 0:46:48, time: 0.954, data_time: 0.007, memory: 28844, loss_mask: 0.0779, loss_texture: 0.0813, loss_dice: 0.1974, iou: 0.7873, loss: 0.3566, grad_norm: 1.1032
2026-04-14 03:46:07,502 - mmdet - INFO - Iter [7150/10000]	lr: 5.000e-05, eta: 0:45:59, time: 0.956, data_time: 0.007, memory: 28844, loss_mask: 0.0821, loss_texture: 0.0851, loss_dice: 0.1957, iou: 0.7899, loss: 0.3629, grad_norm: 1.1283
2026-04-14 03:46:55,018 - mmdet - INFO - Iter [7200/10000]	lr: 5.000e-05, eta: 0:45:10, time: 0.950, data_time: 0.007, memory: 28844, loss_mask: 0.0787, loss_texture: 0.0829, loss_dice: 0.1967, iou: 0.7889, loss: 0.3583, grad_norm: 1.5433
2026-04-14 03:47:42,593 - mmdet - INFO - Iter [7250/10000]	lr: 5.000e-05, eta: 0:44:22, time: 0.952, data_time: 0.007, memory: 28844, loss_mask: 0.0843, loss_texture: 0.0835, loss_dice: 0.1909, iou: 0.7919, loss: 0.3588, grad_norm: 1.0414
2026-04-14 03:48:30,392 - mmdet - INFO - Iter [7300/10000]	lr: 5.000e-05, eta: 0:43:33, time: 0.956, data_time: 0.007, memory: 28844, loss_mask: 0.0807, loss_texture: 0.0844, loss_dice: 0.1980, iou: 0.7886, loss: 0.3631, grad_norm: 1.2144
2026-04-14 03:49:17,952 - mmdet - INFO - Iter [7350/10000]	lr: 5.000e-05, eta: 0:42:44, time: 0.951, data_time: 0.007, memory: 28844, loss_mask: 0.0708, loss_texture: 0.0798, loss_dice: 0.1831, iou: 0.7992, loss: 0.3337, grad_norm: 1.0587
2026-04-14 03:50:05,500 - mmdet - INFO - Iter [7400/10000]	lr: 5.000e-05, eta: 0:41:56, time: 0.951, data_time: 0.007, memory: 28844, loss_mask: 0.0807, loss_texture: 0.0822, loss_dice: 0.1943, iou: 0.7901, loss: 0.3572, grad_norm: 1.2464
2026-04-14 03:50:53,289 - mmdet - INFO - Iter [7450/10000]	lr: 5.000e-05, eta: 0:41:07, time: 0.956, data_time: 0.007, memory: 28844, loss_mask: 0.0783, loss_texture: 0.0832, loss_dice: 0.1943, iou: 0.7922, loss: 0.3557, grad_norm: 1.2998
2026-04-14 03:51:41,116 - mmdet - INFO - Iter [7500/10000]	lr: 5.000e-05, eta: 0:40:18, time: 0.957, data_time: 0.007, memory: 28844, loss_mask: 0.0774, loss_texture: 0.0815, loss_dice: 0.1848, iou: 0.7983, loss: 0.3437, grad_norm: 1.1254
2026-04-14 03:52:28,798 - mmdet - INFO - Iter [7550/10000]	lr: 5.000e-05, eta: 0:39:30, time: 0.954, data_time: 0.007, memory: 28844, loss_mask: 0.0834, loss_texture: 0.0836, loss_dice: 0.1927, iou: 0.7923, loss: 0.3597, grad_norm: 1.0954
2026-04-14 03:53:16,602 - mmdet - INFO - Iter [7600/10000]	lr: 5.000e-05, eta: 0:38:41, time: 0.956, data_time: 0.007, memory: 28844, loss_mask: 0.0779, loss_texture: 0.0827, loss_dice: 0.1936, iou: 0.7912, loss: 0.3543, grad_norm: 1.2913
2026-04-14 03:54:03,989 - mmdet - INFO - Iter [7650/10000]	lr: 5.000e-05, eta: 0:37:53, time: 0.948, data_time: 0.007, memory: 28844, loss_mask: 0.0777, loss_texture: 0.0822, loss_dice: 0.1935, iou: 0.7944, loss: 0.3534, grad_norm: 1.1874
2026-04-14 03:54:51,300 - mmdet - INFO - Iter [7700/10000]	lr: 5.000e-05, eta: 0:37:04, time: 0.946, data_time: 0.007, memory: 28844, loss_mask: 0.0732, loss_texture: 0.0820, loss_dice: 0.1888, iou: 0.7955, loss: 0.3439, grad_norm: 1.2598
2026-04-14 03:55:38,711 - mmdet - INFO - Iter [7750/10000]	lr: 5.000e-05, eta: 0:36:15, time: 0.948, data_time: 0.007, memory: 28844, loss_mask: 0.0782, loss_texture: 0.0797, loss_dice: 0.1832, iou: 0.7988, loss: 0.3410, grad_norm: 1.0019
2026-04-14 03:56:26,192 - mmdet - INFO - Iter [7800/10000]	lr: 5.000e-05, eta: 0:35:27, time: 0.950, data_time: 0.007, memory: 28844, loss_mask: 0.0786, loss_texture: 0.0814, loss_dice: 0.1875, iou: 0.7975, loss: 0.3475, grad_norm: 1.0414
2026-04-14 03:57:13,858 - mmdet - INFO - Iter [7850/10000]	lr: 5.000e-05, eta: 0:34:38, time: 0.953, data_time: 0.007, memory: 28844, loss_mask: 0.0812, loss_texture: 0.0843, loss_dice: 0.1898, iou: 0.7944, loss: 0.3554, grad_norm: 1.3170
2026-04-14 03:58:01,495 - mmdet - INFO - Iter [7900/10000]	lr: 5.000e-05, eta: 0:33:50, time: 0.953, data_time: 0.007, memory: 28844, loss_mask: 0.0758, loss_texture: 0.0793, loss_dice: 0.1896, iou: 0.7975, loss: 0.3447, grad_norm: 1.0941
2026-04-14 03:58:48,994 - mmdet - INFO - Iter [7950/10000]	lr: 5.000e-05, eta: 0:33:01, time: 0.950, data_time: 0.007, memory: 28844, loss_mask: 0.0776, loss_texture: 0.0828, loss_dice: 0.1848, iou: 0.7988, loss: 0.3452, grad_norm: 1.1622
2026-04-14 03:59:36,495 - mmdet - INFO - 
--- Val evaluation at iter 8000 ---
2026-04-14 03:59:49,382 - mmdet - INFO - 
+------------+-------------+-------------+
| Class      | Refined IoU | Pseudo IoU  |
+------------+-------------+-------------+
| background | 93.65       | 92.68       |
| building   | 73.26       | 69.14       |
| Summary    | mIoU: 83.45 | mIoU: 80.91 |
+------------+-------------+-------------+
mBA: refined=0.6525, pseudo=0.6501
Images evaluated: 218
2026-04-14 03:59:49,385 - mmdet - INFO - Exp name: segrefiner_oem_building_baseline.py
2026-04-14 03:59:49,386 - mmdet - INFO - Iter [8000/10000]	lr: 5.000e-05, eta: 0:32:13, time: 0.950, data_time: 0.007, memory: 28844, val/mIoU_single: 0.8345, val/IoU_single.building: 0.7326, val/IoU_single.background: 0.9365, val/mBA_single: 0.6525, loss_mask: 0.0742, loss_texture: 0.0812, loss_dice: 0.1857, iou: 0.7967, loss: 0.3410, grad_norm: 1.1564
2026-04-14 04:00:37,202 - mmdet - INFO - Iter [8050/10000]	lr: 2.500e-05, eta: 0:31:27, time: 1.214, data_time: 0.264, memory: 28844, loss_mask: 0.0753, loss_texture: 0.0818, loss_dice: 0.1801, iou: 0.8029, loss: 0.3371, grad_norm: 0.8519
2026-04-14 04:01:24,760 - mmdet - INFO - Iter [8100/10000]	lr: 2.500e-05, eta: 0:30:39, time: 0.951, data_time: 0.007, memory: 28844, loss_mask: 0.0750, loss_texture: 0.0802, loss_dice: 0.1842, iou: 0.7988, loss: 0.3395, grad_norm: 0.9248
2026-04-14 04:02:12,294 - mmdet - INFO - Iter [8150/10000]	lr: 2.500e-05, eta: 0:29:50, time: 0.951, data_time: 0.007, memory: 28844, loss_mask: 0.0704, loss_texture: 0.0773, loss_dice: 0.1714, iou: 0.8120, loss: 0.3191, grad_norm: 0.8513
2026-04-14 04:02:59,892 - mmdet - INFO - Iter [8200/10000]	lr: 2.500e-05, eta: 0:29:01, time: 0.952, data_time: 0.007, memory: 28844, loss_mask: 0.0827, loss_texture: 0.0866, loss_dice: 0.1792, iou: 0.8048, loss: 0.3485, grad_norm: 0.8372
2026-04-14 04:03:47,753 - mmdet - INFO - Iter [8250/10000]	lr: 2.500e-05, eta: 0:28:13, time: 0.957, data_time: 0.007, memory: 28844, loss_mask: 0.0707, loss_texture: 0.0765, loss_dice: 0.1747, iou: 0.8089, loss: 0.3219, grad_norm: 0.8765
2026-04-14 04:04:35,636 - mmdet - INFO - Iter [8300/10000]	lr: 2.500e-05, eta: 0:27:24, time: 0.958, data_time: 0.007, memory: 28844, loss_mask: 0.0659, loss_texture: 0.0763, loss_dice: 0.1754, iou: 0.8096, loss: 0.3176, grad_norm: 0.8345
2026-04-14 04:05:23,168 - mmdet - INFO - Iter [8350/10000]	lr: 2.500e-05, eta: 0:26:36, time: 0.951, data_time: 0.007, memory: 28844, loss_mask: 0.0703, loss_texture: 0.0817, loss_dice: 0.1752, iou: 0.8075, loss: 0.3272, grad_norm: 0.8939
2026-04-14 04:06:10,629 - mmdet - INFO - Iter [8400/10000]	lr: 2.500e-05, eta: 0:25:47, time: 0.949, data_time: 0.007, memory: 28844, loss_mask: 0.0768, loss_texture: 0.0789, loss_dice: 0.1742, iou: 0.8086, loss: 0.3299, grad_norm: 0.9008
2026-04-14 04:06:58,121 - mmdet - INFO - Iter [8450/10000]	lr: 2.500e-05, eta: 0:24:59, time: 0.950, data_time: 0.007, memory: 28844, loss_mask: 0.0681, loss_texture: 0.0785, loss_dice: 0.1785, iou: 0.8066, loss: 0.3250, grad_norm: 0.9258
2026-04-14 04:07:45,821 - mmdet - INFO - Iter [8500/10000]	lr: 2.500e-05, eta: 0:24:10, time: 0.954, data_time: 0.007, memory: 28844, loss_mask: 0.0761, loss_texture: 0.0802, loss_dice: 0.1742, iou: 0.8094, loss: 0.3305, grad_norm: 0.8314
2026-04-14 04:08:33,627 - mmdet - INFO - Iter [8550/10000]	lr: 2.500e-05, eta: 0:23:22, time: 0.956, data_time: 0.007, memory: 28844, loss_mask: 0.0670, loss_texture: 0.0752, loss_dice: 0.1708, iou: 0.8113, loss: 0.3130, grad_norm: 0.8084
2026-04-14 04:09:21,388 - mmdet - INFO - Iter [8600/10000]	lr: 2.500e-05, eta: 0:22:33, time: 0.955, data_time: 0.007, memory: 28844, loss_mask: 0.0748, loss_texture: 0.0799, loss_dice: 0.1765, iou: 0.8081, loss: 0.3312, grad_norm: 0.9306
2026-04-14 04:10:09,093 - mmdet - INFO - Iter [8650/10000]	lr: 2.500e-05, eta: 0:21:45, time: 0.954, data_time: 0.007, memory: 28844, loss_mask: 0.0812, loss_texture: 0.0859, loss_dice: 0.1727, iou: 0.8106, loss: 0.3398, grad_norm: 0.8745
2026-04-14 04:10:56,682 - mmdet - INFO - Iter [8700/10000]	lr: 2.500e-05, eta: 0:20:57, time: 0.952, data_time: 0.007, memory: 28844, loss_mask: 0.0701, loss_texture: 0.0772, loss_dice: 0.1698, iou: 0.8127, loss: 0.3171, grad_norm: 0.9159
2026-04-14 04:11:44,297 - mmdet - INFO - Iter [8750/10000]	lr: 2.500e-05, eta: 0:20:08, time: 0.952, data_time: 0.007, memory: 28844, loss_mask: 0.0692, loss_texture: 0.0755, loss_dice: 0.1740, iou: 0.8102, loss: 0.3186, grad_norm: 0.8383
2026-04-14 04:12:32,086 - mmdet - INFO - Iter [8800/10000]	lr: 2.500e-05, eta: 0:19:20, time: 0.956, data_time: 0.007, memory: 28844, loss_mask: 0.0665, loss_texture: 0.0767, loss_dice: 0.1648, iou: 0.8176, loss: 0.3079, grad_norm: 0.8814
2026-04-14 04:13:19,545 - mmdet - INFO - Iter [8850/10000]	lr: 2.500e-05, eta: 0:18:31, time: 0.949, data_time: 0.007, memory: 28844, loss_mask: 0.0752, loss_texture: 0.0782, loss_dice: 0.1734, iou: 0.8090, loss: 0.3269, grad_norm: 0.9158
2026-04-14 04:14:07,000 - mmdet - INFO - Iter [8900/10000]	lr: 2.500e-05, eta: 0:17:43, time: 0.949, data_time: 0.007, memory: 28844, loss_mask: 0.0751, loss_texture: 0.0820, loss_dice: 0.1747, iou: 0.8103, loss: 0.3318, grad_norm: 0.8727
2026-04-14 04:14:54,572 - mmdet - INFO - Iter [8950/10000]	lr: 2.500e-05, eta: 0:16:54, time: 0.951, data_time: 0.007, memory: 28844, loss_mask: 0.0684, loss_texture: 0.0758, loss_dice: 0.1645, iou: 0.8180, loss: 0.3087, grad_norm: 0.8464
2026-04-14 04:15:42,372 - mmdet - INFO - 
--- Val evaluation at iter 9000 ---
2026-04-14 04:15:55,201 - mmdet - INFO - 
+------------+-------------+-------------+
| Class      | Refined IoU | Pseudo IoU  |
+------------+-------------+-------------+
| background | 93.57       | 92.68       |
| building   | 73.08       | 69.14       |
| Summary    | mIoU: 83.33 | mIoU: 80.91 |
+------------+-------------+-------------+
mBA: refined=0.6509, pseudo=0.6501
Images evaluated: 218
2026-04-14 04:15:55,204 - mmdet - INFO - Exp name: segrefiner_oem_building_baseline.py
2026-04-14 04:15:55,204 - mmdet - INFO - Iter [9000/10000]	lr: 2.500e-05, eta: 0:16:06, time: 0.956, data_time: 0.007, memory: 28844, val/mIoU_single: 0.8333, val/IoU_single.building: 0.7308, val/IoU_single.background: 0.9357, val/mBA_single: 0.6509, loss_mask: 0.0714, loss_texture: 0.0784, loss_dice: 0.1713, iou: 0.8122, loss: 0.3211, grad_norm: 1.1499
2026-04-14 04:16:42,829 - mmdet - INFO - Iter [9050/10000]	lr: 2.500e-05, eta: 0:15:19, time: 1.209, data_time: 0.263, memory: 28844, loss_mask: 0.0714, loss_texture: 0.0798, loss_dice: 0.1784, iou: 0.8076, loss: 0.3296, grad_norm: 0.8887
2026-04-14 04:17:30,546 - mmdet - INFO - Iter [9100/10000]	lr: 2.500e-05, eta: 0:14:30, time: 0.954, data_time: 0.007, memory: 28844, loss_mask: 0.0676, loss_texture: 0.0773, loss_dice: 0.1632, iou: 0.8185, loss: 0.3081, grad_norm: 0.8791
2026-04-14 04:18:18,340 - mmdet - INFO - Iter [9150/10000]	lr: 2.500e-05, eta: 0:13:42, time: 0.956, data_time: 0.007, memory: 28844, loss_mask: 0.0735, loss_texture: 0.0799, loss_dice: 0.1723, iou: 0.8113, loss: 0.3257, grad_norm: 1.0612
2026-04-14 04:19:05,855 - mmdet - INFO - Iter [9200/10000]	lr: 2.500e-05, eta: 0:12:54, time: 0.950, data_time: 0.007, memory: 28844, loss_mask: 0.0695, loss_texture: 0.0783, loss_dice: 0.1748, iou: 0.8093, loss: 0.3226, grad_norm: 0.8822
2026-04-14 04:19:53,317 - mmdet - INFO - Iter [9250/10000]	lr: 2.500e-05, eta: 0:12:05, time: 0.949, data_time: 0.007, memory: 28844, loss_mask: 0.0762, loss_texture: 0.0801, loss_dice: 0.1688, iou: 0.8135, loss: 0.3251, grad_norm: 0.9476
2026-04-14 04:20:40,919 - mmdet - INFO - Iter [9300/10000]	lr: 2.500e-05, eta: 0:11:17, time: 0.952, data_time: 0.007, memory: 28844, loss_mask: 0.0719, loss_texture: 0.0797, loss_dice: 0.1658, iou: 0.8173, loss: 0.3174, grad_norm: 0.8472
2026-04-14 04:21:28,779 - mmdet - INFO - Iter [9350/10000]	lr: 2.500e-05, eta: 0:10:28, time: 0.957, data_time: 0.007, memory: 28844, loss_mask: 0.0649, loss_texture: 0.0730, loss_dice: 0.1634, iou: 0.8188, loss: 0.3013, grad_norm: 0.9376
2026-04-14 04:22:16,428 - mmdet - INFO - Iter [9400/10000]	lr: 2.500e-05, eta: 0:09:40, time: 0.953, data_time: 0.007, memory: 28844, loss_mask: 0.0662, loss_texture: 0.0757, loss_dice: 0.1660, iou: 0.8175, loss: 0.3080, grad_norm: 0.9039
2026-04-14 04:23:04,293 - mmdet - INFO - Iter [9450/10000]	lr: 2.500e-05, eta: 0:08:51, time: 0.957, data_time: 0.007, memory: 28844, loss_mask: 0.0752, loss_texture: 0.0784, loss_dice: 0.1688, iou: 0.8158, loss: 0.3224, grad_norm: 0.9253
2026-04-14 04:23:51,942 - mmdet - INFO - Iter [9500/10000]	lr: 2.500e-05, eta: 0:08:03, time: 0.953, data_time: 0.006, memory: 28844, loss_mask: 0.0745, loss_texture: 0.0808, loss_dice: 0.1614, iou: 0.8209, loss: 0.3167, grad_norm: 0.9229
2026-04-14 04:24:39,782 - mmdet - INFO - Iter [9550/10000]	lr: 2.500e-05, eta: 0:07:15, time: 0.957, data_time: 0.007, memory: 28844, loss_mask: 0.0684, loss_texture: 0.0781, loss_dice: 0.1690, iou: 0.8147, loss: 0.3155, grad_norm: 0.9799
2026-04-14 04:25:27,429 - mmdet - INFO - Iter [9600/10000]	lr: 2.500e-05, eta: 0:06:26, time: 0.953, data_time: 0.007, memory: 28844, loss_mask: 0.0675, loss_texture: 0.0754, loss_dice: 0.1673, iou: 0.8163, loss: 0.3103, grad_norm: 1.0235
2026-04-14 04:26:14,752 - mmdet - INFO - Iter [9650/10000]	lr: 2.500e-05, eta: 0:05:38, time: 0.946, data_time: 0.007, memory: 28844, loss_mask: 0.0595, loss_texture: 0.0714, loss_dice: 0.1584, iou: 0.8235, loss: 0.2892, grad_norm: 0.9345
2026-04-14 04:27:02,064 - mmdet - INFO - Iter [9700/10000]	lr: 2.500e-05, eta: 0:04:50, time: 0.946, data_time: 0.007, memory: 28844, loss_mask: 0.0643, loss_texture: 0.0776, loss_dice: 0.1667, iou: 0.8181, loss: 0.3086, grad_norm: 0.9397
2026-04-14 04:27:49,432 - mmdet - INFO - Iter [9750/10000]	lr: 2.500e-05, eta: 0:04:01, time: 0.947, data_time: 0.007, memory: 28844, loss_mask: 0.0760, loss_texture: 0.0807, loss_dice: 0.1681, iou: 0.8146, loss: 0.3247, grad_norm: 0.9032
2026-04-14 04:28:36,853 - mmdet - INFO - Iter [9800/10000]	lr: 2.500e-05, eta: 0:03:13, time: 0.948, data_time: 0.007, memory: 28844, loss_mask: 0.0671, loss_texture: 0.0785, loss_dice: 0.1635, iou: 0.8193, loss: 0.3090, grad_norm: 0.9504
2026-04-14 04:29:24,451 - mmdet - INFO - Iter [9850/10000]	lr: 2.500e-05, eta: 0:02:24, time: 0.952, data_time: 0.007, memory: 28844, loss_mask: 0.0680, loss_texture: 0.0761, loss_dice: 0.1655, iou: 0.8174, loss: 0.3096, grad_norm: 0.8928
2026-04-14 04:30:12,067 - mmdet - INFO - Iter [9900/10000]	lr: 2.500e-05, eta: 0:01:36, time: 0.952, data_time: 0.007, memory: 28844, loss_mask: 0.0678, loss_texture: 0.0773, loss_dice: 0.1638, iou: 0.8192, loss: 0.3088, grad_norm: 0.8843
2026-04-14 04:30:59,521 - mmdet - INFO - Iter [9950/10000]	lr: 2.500e-05, eta: 0:00:48, time: 0.949, data_time: 0.007, memory: 28844, loss_mask: 0.0734, loss_texture: 0.0794, loss_dice: 0.1597, iou: 0.8219, loss: 0.3125, grad_norm: 0.9264
2026-04-14 04:31:46,954 - mmdet - INFO - Saving checkpoint at 10000 iterations
2026-04-14 04:31:48,918 - mmdet - INFO - 
--- Val evaluation at iter 10000 ---
2026-04-14 04:32:01,756 - mmdet - INFO - 
+------------+-------------+-------------+
| Class      | Refined IoU | Pseudo IoU  |
+------------+-------------+-------------+
| background | 93.72       | 92.68       |
| building   | 73.18       | 69.14       |
| Summary    | mIoU: 83.45 | mIoU: 80.91 |
+------------+-------------+-------------+
mBA: refined=0.6541, pseudo=0.6501
Images evaluated: 218
2026-04-14 04:32:01,759 - mmdet - INFO - Exp name: segrefiner_oem_building_baseline.py
2026-04-14 04:32:01,760 - mmdet - INFO - Iter [10000/10000]	lr: 2.500e-05, eta: 0:00:00, time: 0.988, data_time: 0.007, memory: 28844, val/mIoU_single: 0.8345, val/IoU_single.building: 0.7318, val/IoU_single.background: 0.9372, val/mBA_single: 0.6541, loss_mask: 0.0594, loss_texture: 0.0724, loss_dice: 0.1659, iou: 0.8193, loss: 0.2977, grad_norm: 0.9354
